[INFO] Scanning for projects...
[INFO] 
[INFO] ---------------------< fr.dorianmaliszewski:zuul >----------------------
[INFO] Building zuul 0.0.1-SNAPSHOT
[INFO] --------------------------------[ jar ]---------------------------------
[INFO] 
[INFO] --- maven-resources-plugin:3.1.0:resources (default-resources) @ zuul ---
[INFO] Using 'UTF-8' encoding to copy filtered resources.
[INFO] Copying 1 resource
[INFO] Copying 0 resource
[INFO] 
[INFO] --- maven-compiler-plugin:3.8.0:compile (default-compile) @ zuul ---
[INFO] Nothing to compile - all classes are up to date
[INFO] 
[INFO] --- maven-resources-plugin:3.1.0:testResources (default-testResources) @ zuul ---
[INFO] Using 'UTF-8' encoding to copy filtered resources.
[INFO] skip non existing resourceDirectory /home/dorian/Projects/Pro/easy-erp/source/backend/zuul/src/test/resources
[INFO] 
[INFO] --- maven-compiler-plugin:3.8.0:testCompile (default-testCompile) @ zuul ---
[INFO] Nothing to compile - all classes are up to date
[INFO] 
[INFO] --- maven-surefire-plugin:2.22.1:test (default-test) @ zuul ---
[INFO] Tests are skipped.
[INFO] 
[INFO] --- maven-jar-plugin:3.1.1:jar (default-jar) @ zuul ---
[INFO] Building jar: /home/dorian/Projects/Pro/easy-erp/source/backend/zuul/target/zuul-0.0.1-SNAPSHOT.jar
[INFO] 
[INFO] --- spring-boot-maven-plugin:2.1.3.RELEASE:repackage (repackage) @ zuul ---
[INFO] Replacing main artifact with repackaged archive
[INFO] 
[INFO] --- docker-maven-plugin:1.1.1:build (default-cli) @ zuul ---
[INFO] Using authentication suppliers: [ConfigFileRegistryAuthSupplier]
[INFO] Copying /home/dorian/Projects/Pro/easy-erp/source/backend/zuul/target/zuul-0.0.1-SNAPSHOT.jar -> /home/dorian/Projects/Pro/easy-erp/source/backend/zuul/target/docker/zuul-0.0.1-SNAPSHOT.jar
[INFO] Copying src/main/docker/Dockerfile -> /home/dorian/Projects/Pro/easy-erp/source/backend/zuul/target/docker/Dockerfile
[INFO] Building image easy-erp-zuul
Step 1/5 : FROM openjdk:11

 ---> f06fdc42d01a
Step 2/5 : ENV SPRING_OUTPUT_ANSI_ENABLED=ALWAYS   TIME_TO_SLEEP=0   JAVA_OPTS=""   BASE_URL=""   EUREKA_CLIENT_SERVICEURL_DEFAULTZONE=""

 ---> Using cache
 ---> 29f1c5732566
Step 3/5 : ADD *.jar /app.jar

 ---> 0195bc78945a
Step 4/5 : EXPOSE 8080

 ---> Running in 1551b0af8908
Removing intermediate container 1551b0af8908
 ---> 0fa844f9f994
Step 5/5 : CMD echo "The application will start in ${TIME_TO_SLEEP}s..." &&   sleep ${TIME_TO_SLEEP} &&   java -jar /app.jar   --server.port=8080   --application.base-url="${BASE_URL}"   --eureka.client.service-url.defaultZone="${EUREKA_CLIENT_SERVICEURL_DEFAULTZONE}"

 ---> Running in e15669a74890
Removing intermediate container e15669a74890
 ---> 0119b76d9ac4
ProgressMessage{id=null, status=null, stream=null, error=null, progress=null, progressDetail=null}
Successfully built 0119b76d9ac4
Successfully tagged easy-erp-zuul:latest
[INFO] Built easy-erp-zuul
[INFO] ------------------------------------------------------------------------
[INFO] BUILD SUCCESS
[INFO] ------------------------------------------------------------------------
[INFO] Total time:  8.783 s
[INFO] Finished at: 2019-11-17T17:50:37+01:00
[INFO] ------------------------------------------------------------------------
