[INFO] Scanning for projects...
[INFO] 
[INFO] -----------------< fr.dorianmaliszewski:eureka-server >-----------------
[INFO] Building eureka-server 0.0.1-SNAPSHOT
[INFO] --------------------------------[ jar ]---------------------------------
[INFO] 
[INFO] --- maven-resources-plugin:3.1.0:resources (default-resources) @ eureka-server ---
[INFO] Using 'UTF-8' encoding to copy filtered resources.
[INFO] Copying 1 resource
[INFO] Copying 0 resource
[INFO] 
[INFO] --- maven-compiler-plugin:3.8.0:compile (default-compile) @ eureka-server ---
[INFO] Nothing to compile - all classes are up to date
[INFO] 
[INFO] --- maven-resources-plugin:3.1.0:testResources (default-testResources) @ eureka-server ---
[INFO] Using 'UTF-8' encoding to copy filtered resources.
[INFO] skip non existing resourceDirectory /home/dorian/Projects/Pro/easy-erp/source/eureka-server/src/test/resources
[INFO] 
[INFO] --- maven-compiler-plugin:3.8.0:testCompile (default-testCompile) @ eureka-server ---
[INFO] Nothing to compile - all classes are up to date
[INFO] 
[INFO] --- maven-surefire-plugin:2.22.1:test (default-test) @ eureka-server ---
[INFO] Tests are skipped.
[INFO] 
[INFO] --- maven-jar-plugin:3.1.1:jar (default-jar) @ eureka-server ---
[INFO] Building jar: /home/dorian/Projects/Pro/easy-erp/source/eureka-server/target/eureka-server-0.0.1-SNAPSHOT.jar
[INFO] 
[INFO] --- spring-boot-maven-plugin:2.1.3.RELEASE:repackage (repackage) @ eureka-server ---
[INFO] Replacing main artifact with repackaged archive
[INFO] 
[INFO] --- docker-maven-plugin:1.1.1:build (default-cli) @ eureka-server ---
[INFO] Using authentication suppliers: [ConfigFileRegistryAuthSupplier]
[INFO] Copying /home/dorian/Projects/Pro/easy-erp/source/eureka-server/target/eureka-server-0.0.1-SNAPSHOT.jar -> /home/dorian/Projects/Pro/easy-erp/source/eureka-server/target/docker/eureka-server-0.0.1-SNAPSHOT.jar
[INFO] Copying src/main/docker/Dockerfile -> /home/dorian/Projects/Pro/easy-erp/source/eureka-server/target/docker/Dockerfile
[INFO] Building image easy-erp-eureka
Step 1/5 : FROM openjdk:11

 ---> f9403e6db637
Step 2/5 : ADD *.jar /app.jar

 ---> 6e74e464e4c5
Step 3/5 : EXPOSE 8080

 ---> Running in df1e265a44f8
Removing intermediate container df1e265a44f8
 ---> 7e194e2890f4
Step 4/5 : EXPOSE 8761

 ---> Running in 1bcc880dce53
Removing intermediate container 1bcc880dce53
 ---> 53d2e6c2b7e2
Step 5/5 : CMD java -jar /app.jar --server.port=8761

 ---> Running in 922ffcc37cde
Removing intermediate container 922ffcc37cde
 ---> 57c5ff379417
ProgressMessage{id=null, status=null, stream=null, error=null, progress=null, progressDetail=null}
Successfully built 57c5ff379417
Successfully tagged easy-erp-eureka:latest
[INFO] Built easy-erp-eureka
[INFO] ------------------------------------------------------------------------
[INFO] BUILD SUCCESS
[INFO] ------------------------------------------------------------------------
[INFO] Total time:  8.452 s
[INFO] Finished at: 2019-03-25T11:53:00+01:00
[INFO] ------------------------------------------------------------------------
