[INFO] Scanning for projects...
[INFO] 
[INFO] ---------------------< com.easy-erp:bill-service >----------------------
[INFO] Building bill-service 0.0.1-SNAPSHOT
[INFO] --------------------------------[ jar ]---------------------------------
[INFO] 
[INFO] --- maven-resources-plugin:3.1.0:resources (default-resources) @ bill-service ---
[INFO] Using 'UTF-8' encoding to copy filtered resources.
[INFO] Copying 1 resource
[INFO] Copying 0 resource
[INFO] 
[INFO] --- maven-compiler-plugin:3.8.0:compile (default-compile) @ bill-service ---
[INFO] Changes detected - recompiling the module!
[INFO] Compiling 14 source files to /home/dorian/Projects/Pro/easy-erp/source/bill-service/target/classes
[INFO] 
[INFO] --- maven-resources-plugin:3.1.0:testResources (default-testResources) @ bill-service ---
[INFO] Using 'UTF-8' encoding to copy filtered resources.
[INFO] skip non existing resourceDirectory /home/dorian/Projects/Pro/easy-erp/source/bill-service/src/test/resources
[INFO] 
[INFO] --- maven-compiler-plugin:3.8.0:testCompile (default-testCompile) @ bill-service ---
[INFO] Nothing to compile - all classes are up to date
[INFO] 
[INFO] --- maven-surefire-plugin:2.22.1:test (default-test) @ bill-service ---
[INFO] Tests are skipped.
[INFO] 
[INFO] --- maven-jar-plugin:3.1.1:jar (default-jar) @ bill-service ---
[INFO] Building jar: /home/dorian/Projects/Pro/easy-erp/source/bill-service/target/bill-service-0.0.1-SNAPSHOT.jar
[INFO] 
[INFO] --- spring-boot-maven-plugin:2.1.3.RELEASE:repackage (repackage) @ bill-service ---
[INFO] Replacing main artifact with repackaged archive
[INFO] 
[INFO] --- docker-maven-plugin:1.1.1:build (default-cli) @ bill-service ---
[INFO] Using authentication suppliers: [ConfigFileRegistryAuthSupplier]
[INFO] Copying /home/dorian/Projects/Pro/easy-erp/source/bill-service/target/bill-service-0.0.1-SNAPSHOT.jar -> /home/dorian/Projects/Pro/easy-erp/source/bill-service/target/docker/bill-service-0.0.1-SNAPSHOT.jar
[INFO] Copying src/main/docker/Dockerfile -> /home/dorian/Projects/Pro/easy-erp/source/bill-service/target/docker/Dockerfile
[INFO] Building image easy-erp-bill-service
Step 1/5 : FROM openjdk:11

 ---> f9403e6db637
Step 2/5 : ENV EUREKA_CLIENT_SERVICEURL_DEFAULTZONE=""   SPRING_DATASOURCE_URL=""   SPRING_DATASOURCE_USERNAME=""   SPRING_DATASOURCE_PASSWORD=""   OAUTHSERVICE_URL=''

 ---> Using cache
 ---> a512339852b3
Step 3/5 : ADD *.jar /app.jar

 ---> ca0747f8dfb6
Step 4/5 : EXPOSE 8080

 ---> Running in d7d7bfc9e378
Removing intermediate container d7d7bfc9e378
 ---> 430db66c5dc5
Step 5/5 : CMD java -jar /app.jar   --server.port=8080   --spring.datasource.url="${SPRING_DATASOURCE_URL}"   --spring.datasource.username="${SPRING_DATASOURCE_USERNAME}"   --spring.datasource.password="${SPRING_DATASOURCE_PASSWORD}"   --eureka.client.service-url.defaultZone="${EUREKA_CLIENT_SERVICEURL_DEFAULTZONE}"   --oauth-service.url="${OAUTHSERVICE_URL}"

 ---> Running in 4184dca008b0
Removing intermediate container 4184dca008b0
 ---> 6386ed69baa8
ProgressMessage{id=null, status=null, stream=null, error=null, progress=null, progressDetail=null}
Successfully built 6386ed69baa8
Successfully tagged easy-erp-bill-service:latest
[INFO] Built easy-erp-bill-service
[INFO] ------------------------------------------------------------------------
[INFO] BUILD SUCCESS
[INFO] ------------------------------------------------------------------------
[INFO] Total time:  8.645 s
[INFO] Finished at: 2019-03-25T11:52:50+01:00
[INFO] ------------------------------------------------------------------------
